#
# There is insufficient memory for the Java Runtime Environment to continue.
# Native memory allocation (mmap) failed to map 199229440 bytes for G1 virtual space
# Possible reasons:
#   The system is out of physical RAM or swap space
#   The process is running with CompressedOops enabled, and the Java Heap may be blocking the growth of the native heap
# Possible solutions:
#   Reduce memory load on the system
#   Increase physical memory or swap space
#   Check if swap backing store is full
#   Decrease Java heap size (-Xmx/-Xms)
#   Decrease number of Java threads
#   Decrease Java thread stack sizes (-Xss)
#   Set larger code cache with -XX:ReservedCodeCacheSize=
#   JVM is running with Zero Based Compressed Oops mode in which the Java heap is
#     placed in the first 32GB address space. The Java Heap base address is the
#     maximum limit for the native heap growth. Please use -XX:HeapBaseMinAddress
#     to set the Java Heap base and to place the Java Heap above 32GB virtual address.
# This output file may be truncated or incomplete.
#
#  Out of Memory Error (os_windows.cpp:3600), pid=54248, tid=41168
#
# JRE version:  (21.0.1+12) (build )
# Java VM: Java HotSpot(TM) 64-Bit Server VM (21.0.1+12-LTS-29, mixed mode, sharing, tiered, compressed oops, compressed class ptrs, g1 gc, windows-amd64)
# No core dump will be written. Minidumps are not enabled by default on client versions of Windows
#

---------------  S U M M A R Y ------------

Command Line: -Dfile.encoding=UTF-8 --module-path=C:\Users\lenovo\Desktop\Day6_3\LibrarySystem\build\classes librarysystem.LibraryMain

Host: 11th Gen Intel(R) Core(TM) i7-1165G7 @ 2.80GHz, 8 cores, 11G,  Windows 10 , 64 bit Build 19041 (10.0.19041.4597)
Time: Tue Jul 23 23:27:43 2024 Egypt Daylight Time elapsed time: 0.027026 seconds (0d 0h 0m 0s)

---------------  T H R E A D  ---------------

Current thread (0x0000027a7f84df30):  JavaThread "Unknown thread" [_thread_in_vm, id=41168, stack(0x000000ad06f00000,0x000000ad07000000) (1024K)]

Stack: [0x000000ad06f00000,0x000000ad07000000]
Native frames: (J=compiled Java code, j=interpreted, Vv=VM code, C=native code)
V  [jvm.dll+0x6c9029]
V  [jvm.dll+0x854b81]
V  [jvm.dll+0x856e5e]
V  [jvm.dll+0x857543]
V  [jvm.dll+0x280c06]
V  [jvm.dll+0x6c5715]
V  [jvm.dll+0x6ba10a]
V  [jvm.dll+0x3557ea]
V  [jvm.dll+0x35d436]
V  [jvm.dll+0x3ae1be]
V  [jvm.dll+0x3ae468]
V  [jvm.dll+0x3291fc]
V  [jvm.dll+0x329d8b]
V  [jvm.dll+0x81d179]
V  [jvm.dll+0x3bb4f1]
V  [jvm.dll+0x805ae8]
V  [jvm.dll+0x44effe]
V  [jvm.dll+0x450901]
C  [jli.dll+0x52a3]
C  [ucrtbase.dll+0x21bb2]
C  [KERNEL32.DLL+0x17374]
C  [ntdll.dll+0x4cc91]


---------------  P R O C E S S  ---------------

Threads class SMR info:
_java_thread_list=0x00007ffb37249b88, length=0, elements={
}

Java Threads: ( => current thread )
Total: 0

Other Threads:
  0x0000027a7ff526f0 WorkerThread "GC Thread#0"                     [id=51660, stack(0x000000ad07000000,0x000000ad07100000) (1024K)]
  0x0000027a7ff60d10 ConcurrentGCThread "G1 Main Marker"            [id=56280, stack(0x000000ad07100000,0x000000ad07200000) (1024K)]
  0x0000027a7ff61720 WorkerThread "G1 Conc#0"                       [id=63436, stack(0x000000ad07200000,0x000000ad07300000) (1024K)]

[error occurred during error reporting (printing all threads), id 0xc0000005, EXCEPTION_ACCESS_VIOLATION (0xc0000005) at pc=0x00007ffb369bc2c7]
VM state: not at safepoint (not fully initialized)

VM Mutex/Monitor currently owned by a thread:  ([mutex/lock_event])
[0x00007ffb372ba6f8] Heap_lock - owner thread: 0x0000027a7f84df30

Heap address: 0x0000000743600000, size: 3018 MB, Compressed Oops mode: Zero based, Oop shift amount: 3

CDS archive(s) mapped at: [0x0000000000000000-0x0000000000000000-0x0000000000000000), size 0, SharedBaseAddress: 0x0000000800000000, ArchiveRelocationMode: 1.
Narrow klass base: 0x0000000000000000, Narrow klass shift: 0, Narrow klass range: 0x0

GC Precious Log:
 CardTable entry size: 512
 Card Set container configuration: InlinePtr #cards 4 size 8 Array Of Cards #cards 16 size 48 Howl #buckets 8 coarsen threshold 3686 Howl Bitmap #cards 512 size 80 coarsen threshold 460 Card regions per heap region 1 cards per card region 4096

Heap:
 garbage-first heap   total 0K, used 0K [0x0000000743600000, 0x0000000800000000)
  region size 2048K, 0 young (0K), 0 survivors (0K)

[error occurred during error reporting (printing heap information), id 0xc0000005, EXCEPTION_ACCESS_VIOLATION (0xc0000005) at pc=0x00007ffb36da1be9]
GC Heap History (0 events):
No events

Dll operation events (1 events):
Event: 0.013 Loaded shared library C:\Program Files\Java\jdk-21\bin\java.dll

Deoptimization events (0 events):
No events

Classes loaded (0 events):
No events

Classes unloaded (0 events):
No events

Classes redefined (0 events):
No events

Internal exceptions (0 events):
No events

ZGC Phase Switch (0 events):
No events

VM Operations (0 events):
No events

Events (0 events):
No events


Dynamic libraries:
0x00007ff63a7c0000 - 0x00007ff63a7d0000 	C:\Program Files\Java\jdk-21\bin\java.exe
0x00007ffbe20f0000 - 0x00007ffbe22e8000 	C:\Windows\SYSTEM32\ntdll.dll
0x00007ffb8fd70000 - 0x00007ffb8fd8a000 	C:\Program Files\Avast Software\Avast\aswhook.dll
0x00007ffbe1840000 - 0x00007ffbe1901000 	C:\Windows\System32\KERNEL32.DLL
0x00007ffbdf9e0000 - 0x00007ffbdfcd6000 	C:\Windows\System32\KERNELBASE.dll
0x00007ffbdff00000 - 0x00007ffbe0000000 	C:\Windows\System32\ucrtbase.dll
0x00007ffbd0cb0000 - 0x00007ffbd0cc9000 	C:\Program Files\Java\jdk-21\bin\jli.dll
0x00007ffbd7ed0000 - 0x00007ffbd7eeb000 	C:\Program Files\Java\jdk-21\bin\VCRUNTIME140.dll
0x00007ffbe1b10000 - 0x00007ffbe1bc0000 	C:\Windows\System32\ADVAPI32.dll
0x00007ffbe1010000 - 0x00007ffbe10ae000 	C:\Windows\System32\msvcrt.dll
0x00007ffbe1e40000 - 0x00007ffbe1ee0000 	C:\Windows\System32\sechost.dll
0x00007ffbe1910000 - 0x00007ffbe1a33000 	C:\Windows\System32\RPCRT4.dll
0x00007ffbdfed0000 - 0x00007ffbdfef7000 	C:\Windows\System32\bcrypt.dll
0x00007ffbe0c90000 - 0x00007ffbe0e2f000 	C:\Windows\System32\USER32.dll
0x00007ffbdf810000 - 0x00007ffbdf832000 	C:\Windows\System32\win32u.dll
0x00007ffbe0190000 - 0x00007ffbe01bb000 	C:\Windows\System32\GDI32.dll
0x00007ffbe0000000 - 0x00007ffbe0117000 	C:\Windows\System32\gdi32full.dll
0x00007ffbdf890000 - 0x00007ffbdf92d000 	C:\Windows\System32\msvcp_win.dll
0x00007ffbc3c70000 - 0x00007ffbc3f0a000 	C:\Windows\WinSxS\amd64_microsoft.windows.common-controls_6595b64144ccf1df_6.0.19041.4355_none_60b8b9eb71f62e16\COMCTL32.dll
0x00007ffbd8070000 - 0x00007ffbd807a000 	C:\Windows\SYSTEM32\VERSION.dll
0x00007ffbe1bc0000 - 0x00007ffbe1bef000 	C:\Windows\System32\IMM32.DLL
0x00007ffbdc0e0000 - 0x00007ffbdc0ec000 	C:\Program Files\Java\jdk-21\bin\vcruntime140_1.dll
0x00007ffb998b0000 - 0x00007ffb9993e000 	C:\Program Files\Java\jdk-21\bin\msvcp140.dll
0x00007ffb36680000 - 0x00007ffb37395000 	C:\Program Files\Java\jdk-21\bin\server\jvm.dll
0x00007ffbe1720000 - 0x00007ffbe178b000 	C:\Windows\System32\WS2_32.dll
0x00007ffbdf1a0000 - 0x00007ffbdf1eb000 	C:\Windows\SYSTEM32\POWRPROF.dll
0x00007ffbc4c60000 - 0x00007ffbc4c87000 	C:\Windows\SYSTEM32\WINMM.dll
0x00007ffbdf180000 - 0x00007ffbdf192000 	C:\Windows\SYSTEM32\UMPDC.dll
0x00007ffbddf70000 - 0x00007ffbddf82000 	C:\Windows\SYSTEM32\kernel.appcore.dll
0x00007ffbcf670000 - 0x00007ffbcf67a000 	C:\Program Files\Java\jdk-21\bin\jimage.dll
0x00007ffbddb30000 - 0x00007ffbddd14000 	C:\Windows\SYSTEM32\DBGHELP.DLL
0x00007ffbd3530000 - 0x00007ffbd3564000 	C:\Windows\SYSTEM32\dbgcore.DLL
0x00007ffbdfce0000 - 0x00007ffbdfd62000 	C:\Windows\System32\bcryptPrimitives.dll
0x00007ffbd7eb0000 - 0x00007ffbd7ecf000 	C:\Program Files\Java\jdk-21\bin\java.dll

dbghelp: loaded successfully - version: 4.0.5 - missing functions: none
symbol engine: initialized successfully - sym options: 0x614 - pdb path: .;C:\Program Files\Java\jdk-21\bin;C:\Windows\SYSTEM32;C:\Program Files\Avast Software\Avast;C:\Windows\WinSxS\amd64_microsoft.windows.common-controls_6595b64144ccf1df_6.0.19041.4355_none_60b8b9eb71f62e16;C:\Program Files\Java\jdk-21\bin\server

VM Arguments:
jvm_args: -Dfile.encoding=UTF-8 --module-path=C:\Users\lenovo\Desktop\Day6_3\LibrarySystem\build\classes 
java_command: librarysystem.LibraryMain
java_class_path (initial): C:\Program Files\NetBeans-19\netbeans\java;D:\Users\lenovo\Desktop\sqldeveloper\jdbc\lib\ojdbc8.jar;C:\Program Files\NetBeans-19\netbeans\java\modules;C:\Program Files\NetBeans-19\netbeans\java\modules\ext\AbsoluteLayout.jar;C:\Users\lenovo\Desktop\Day6_3\LibrarySystem\build\classes
Launcher Type: SUN_STANDARD

[Global flags]
     intx CICompilerCount                          = 4                                         {product} {ergonomic}
     uint ConcGCThreads                            = 2                                         {product} {ergonomic}
     uint G1ConcRefinementThreads                  = 8                                         {product} {ergonomic}
   size_t G1HeapRegionSize                         = 2097152                                   {product} {ergonomic}
    uintx GCDrainStackTargetSize                   = 64                                        {product} {ergonomic}
   size_t InitialHeapSize                          = 199229440                                 {product} {ergonomic}
   size_t MarkStackSize                            = 4194304                                   {product} {ergonomic}
   size_t MaxHeapSize                              = 3164602368                                {product} {ergonomic}
   size_t MinHeapDeltaBytes                        = 2097152                                   {product} {ergonomic}
   size_t MinHeapSize                              = 8388608                                   {product} {ergonomic}
    uintx NonNMethodCodeHeapSize                   = 5839372                                {pd product} {ergonomic}
    uintx NonProfiledCodeHeapSize                  = 122909434                              {pd product} {ergonomic}
    uintx ProfiledCodeHeapSize                     = 122909434                              {pd product} {ergonomic}
    uintx ReservedCodeCacheSize                    = 251658240                              {pd product} {ergonomic}
     bool SegmentedCodeCache                       = true                                      {product} {ergonomic}
   size_t SoftMaxHeapSize                          = 3164602368                             {manageable} {ergonomic}
     bool UseCompressedOops                        = true                           {product lp64_product} {ergonomic}
     bool UseG1GC                                  = true                                      {product} {ergonomic}
     bool UseLargePagesIndividualAllocation        = false                                  {pd product} {ergonomic}

Logging:
Log output configuration:
 #0: stdout all=warning uptime,level,tags foldmultilines=false
 #1: stderr all=off uptime,level,tags foldmultilines=false

Environment Variables:
PATH=C:\app\lenovo\product\21c\dbhomeXE\bin;C:\Program Files\Common Files\Oracle\Java\javapath;C:\Program Files (x86)\Common Files\Oracle\Java\javapath;C:\Windows\system32;C:\Windows;C:\Windows\System32\Wbem;C:\Windows\System32\WindowsPowerShell\v1.0\;C:\Windows\System32\OpenSSH\;C:\Users\lenovo\AppData\Local\Microsoft\WindowsApps;C:\Users\lenovo\AppData\Local\Programs\Microsoft VS Code\bin
USERNAME=lenovo
OS=Windows_NT
PROCESSOR_IDENTIFIER=Intel64 Family 6 Model 140 Stepping 1, GenuineIntel
TMP=C:\Users\lenovo\AppData\Local\Temp
TEMP=C:\Users\lenovo\AppData\Local\Temp




Periodic native trim disabled

---------------  S Y S T E M  ---------------

OS:
 Windows 10 , 64 bit Build 19041 (10.0.19041.4597)
OS uptime: 4 days 1:00 hours
Hyper-V role detected

CPU: total 8 (initial active 8) (4 cores per cpu, 2 threads per core) family 6 model 140 stepping 1 microcode 0x8a, cx8, cmov, fxsr, ht, mmx, 3dnowpref, sse, sse2, sse3, ssse3, sse4.1, sse4.2, popcnt, lzcnt, tsc, tscinvbit, avx, avx2, aes, erms, clmul, bmi1, bmi2, adx, avx512f, avx512dq, avx512cd, avx512bw, avx512vl, sha, fma, vzeroupper, avx512_vpopcntdq, avx512_vpclmulqdq, avx512_vaes, avx512_vnni, clflush, clflushopt, clwb, avx512_vbmi2, avx512_vbmi, hv, rdtscp, rdpid, fsrm, gfni, avx512_bitalg, f16c, cet_ibt, cet_ss, avx512_ifma
Processor Information for all 8 processors :
  Max Mhz: 2803, Current Mhz: 2803, Mhz Limit: 2803

Memory: 4k page, system-wide physical 12071M (808M free)
TotalPageFile size 25538M (AvailPageFile size 56M)
current process WorkingSet (physical memory assigned to process): 11M, peak: 11M
current process commit charge ("private bytes"): 60M, peak: 250M

vm_info: Java HotSpot(TM) 64-Bit Server VM (21.0.1+12-LTS-29) for windows-amd64 JRE (21.0.1+12-LTS-29), built on 2023-10-05T13:27:09Z by "mach5one" with MS VC++ 17.1 (VS2022)

END.
